<?xml version="1.0" encoding="UTF-8"?>
<!-- Generated by org.testng.reporters.JUnitXMLReporter -->
<testsuite ignored="0" hostname="Amals_HP_Envy" failures="0" tests="3" name="EdgeTests" time="27.088" errors="0" timestamp="2026-04-25T20:10:12 EDT">
  <testcase classname="com.amalw.parallel.tests.RegistrationTest" name="testRegistration" time="4.776"/>
  <testcase classname="com.amalw.parallel.tests.RegistrationTest" name="testRegistration" time="11.068"/>
  <testcase classname="com.amalw.parallel.tests.RegistrationTest" name="testRegistration" time="11.411"/>
</testsuite> <!-- EdgeTests -->
