<?xml version="1.0" encoding="UTF-8"?>
<!-- Generated by org.testng.reporters.JUnitXMLReporter -->
<testsuite ignored="0" hostname="Amals_HP_Envy" failures="0" tests="3" name="FirefoxTests" time="27.028" errors="0" timestamp="2026-04-25T20:10:12 EDT">
  <testcase classname="com.amalw.parallel.tests.RegistrationTest" name="testRegistration" time="2.765"/>
  <testcase classname="com.amalw.parallel.tests.RegistrationTest" name="testRegistration" time="4.531"/>
  <testcase classname="com.amalw.parallel.tests.RegistrationTest" name="testRegistration" time="2.25"/>
</testsuite> <!-- FirefoxTests -->
