<?xml version="1.0" encoding="UTF-8"?>
<testng-results ignored="0" total="9" passed="9" failed="0" skipped="0">
  <reporter-output>
  </reporter-output>
  <suite started-at="2026-04-25T20:09:45 EDT" name="ParallelRegistrationSuite" finished-at="2026-04-25T20:10:12 EDT" duration-ms="27088">
    <groups>
    </groups>
    <test started-at="2026-04-25T20:09:45 EDT" name="ChromeTests" finished-at="2026-04-25T20:10:12 EDT" duration-ms="27033">
      <class name="com.amalw.parallel.tests.RegistrationTest">
        <test-method is-config="true" signature="setUp(java.lang.String)[pri:0, instance:com.amalw.parallel.tests.RegistrationTest@682b2fa]" started-at="2026-04-25T20:09:45 EDT" name="setUp" finished-at="2026-04-25T20:09:52 EDT" duration-ms="6836" status="PASS">
          <params>
            <param index="0">
              <value>
                <![CDATA[chrome]]>
              </value>
            </param>
          </params>
          <reporter-output>
          </reporter-output>
        </test-method> <!-- setUp -->
        <test-method is-config="true" signature="setUp(java.lang.String)[pri:0, instance:com.amalw.parallel.tests.RegistrationTest@682b2fa]" started-at="2026-04-25T20:09:45 EDT" name="setUp" finished-at="2026-04-25T20:09:51 EDT" duration-ms="5837" status="PASS">
          <params>
            <param index="0">
              <value>
                <![CDATA[chrome]]>
              </value>
            </param>
          </params>
          <reporter-output>
          </reporter-output>
        </test-method> <!-- setUp -->
        <test-method is-config="true" signature="setUp(java.lang.String)[pri:0, instance:com.amalw.parallel.tests.RegistrationTest@682b2fa]" started-at="2026-04-25T20:09:45 EDT" name="setUp" finished-at="2026-04-25T20:09:52 EDT" duration-ms="6802" status="PASS">
          <params>
            <param index="0">
              <value>
                <![CDATA[chrome]]>
              </value>
            </param>
          </params>
          <reporter-output>
          </reporter-output>
        </test-method> <!-- setUp -->
        <test-method signature="testRegistration(java.lang.String,java.lang.String,java.lang.String,java.lang.String,java.lang.String,java.lang.String)[pri:0, instance:com.amalw.parallel.tests.RegistrationTest@682b2fa]" started-at="2026-04-25T20:09:51 EDT" name="testRegistration" data-provider="registrationData" finished-at="2026-04-25T20:10:03 EDT" duration-ms="11891" status="PASS">
          <params>
            <param index="0">
              <value>
                <![CDATA[Liam]]>
              </value>
            </param>
            <param index="1">
              <value>
                <![CDATA[Brown]]>
              </value>
            </param>
            <param index="2">
              <value>
                <![CDATA[male]]>
              </value>
            </param>
            <param index="3">
              <value>
                <![CDATA[EFG]]>
              </value>
            </param>
            <param index="4">
              <value>
                <![CDATA[Pass123!]]>
              </value>
            </param>
            <param index="5">
              <value>
                <![CDATA[Pass123!]]>
              </value>
            </param>
          </params>
          <reporter-output>
          </reporter-output>
        </test-method> <!-- testRegistration -->
        <test-method signature="testRegistration(java.lang.String,java.lang.String,java.lang.String,java.lang.String,java.lang.String,java.lang.String)[pri:0, instance:com.amalw.parallel.tests.RegistrationTest@682b2fa]" started-at="2026-04-25T20:09:52 EDT" name="testRegistration" data-provider="registrationData" finished-at="2026-04-25T20:10:02 EDT" duration-ms="10672" status="PASS">
          <params>
            <param index="0">
              <value>
                <![CDATA[Emma]]>
              </value>
            </param>
            <param index="1">
              <value>
                <![CDATA[Stone]]>
              </value>
            </param>
            <param index="2">
              <value>
                <![CDATA[female]]>
              </value>
            </param>
            <param index="3">
              <value>
                <![CDATA[CDE]]>
              </value>
            </param>
            <param index="4">
              <value>
                <![CDATA[Pass123!]]>
              </value>
            </param>
            <param index="5">
              <value>
                <![CDATA[Pass123!]]>
              </value>
            </param>
          </params>
          <reporter-output>
          </reporter-output>
        </test-method> <!-- testRegistration -->
        <test-method signature="testRegistration(java.lang.String,java.lang.String,java.lang.String,java.lang.String,java.lang.String,java.lang.String)[pri:0, instance:com.amalw.parallel.tests.RegistrationTest@682b2fa]" started-at="2026-04-25T20:09:52 EDT" name="testRegistration" data-provider="registrationData" finished-at="2026-04-25T20:09:57 EDT" duration-ms="5304" status="PASS">
          <params>
            <param index="0">
              <value>
                <![CDATA[John]]>
              </value>
            </param>
            <param index="1">
              <value>
                <![CDATA[Doe]]>
              </value>
            </param>
            <param index="2">
              <value>
                <![CDATA[male]]>
              </value>
            </param>
            <param index="3">
              <value>
                <![CDATA[ABC]]>
              </value>
            </param>
            <param index="4">
              <value>
                <![CDATA[Pass123!]]>
              </value>
            </param>
            <param index="5">
              <value>
                <![CDATA[Pass123!]]>
              </value>
            </param>
          </params>
          <reporter-output>
          </reporter-output>
        </test-method> <!-- testRegistration -->
        <test-method is-config="true" signature="tearDown(org.testng.ITestResult)[pri:0, instance:com.amalw.parallel.tests.RegistrationTest@682b2fa]" started-at="2026-04-25T20:09:57 EDT" name="tearDown" finished-at="2026-04-25T20:09:58 EDT" duration-ms="867" status="PASS">
          <params>
            <param index="0">
              <value>
                <![CDATA[[TestResult name=testRegistration status=SUCCESS method=RegistrationTest.testRegistration(java.lang.String,java.lang.String,java.lang.String,java.lang.String,java.lang.String,java.lang.String)[pri:0, instance:com.amalw.parallel.tests.RegistrationTest@682b2fa] output={null}]]]>
              </value>
            </param>
          </params>
          <reporter-output>
          </reporter-output>
        </test-method> <!-- tearDown -->
        <test-method is-config="true" signature="tearDown(org.testng.ITestResult)[pri:0, instance:com.amalw.parallel.tests.RegistrationTest@682b2fa]" started-at="2026-04-25T20:10:02 EDT" name="tearDown" finished-at="2026-04-25T20:10:12 EDT" duration-ms="9496" status="PASS">
          <params>
            <param index="0">
              <value>
                <![CDATA[[TestResult name=testRegistration status=SUCCESS method=RegistrationTest.testRegistration(java.lang.String,java.lang.String,java.lang.String,java.lang.String,java.lang.String,java.lang.String)[pri:0, instance:com.amalw.parallel.tests.RegistrationTest@682b2fa] output={null}]]]>
              </value>
            </param>
          </params>
          <reporter-output>
          </reporter-output>
        </test-method> <!-- tearDown -->
        <test-method is-config="true" signature="tearDown(org.testng.ITestResult)[pri:0, instance:com.amalw.parallel.tests.RegistrationTest@682b2fa]" started-at="2026-04-25T20:10:03 EDT" name="tearDown" finished-at="2026-04-25T20:10:12 EDT" duration-ms="9190" status="PASS">
          <params>
            <param index="0">
              <value>
                <![CDATA[[TestResult name=testRegistration status=SUCCESS method=RegistrationTest.testRegistration(java.lang.String,java.lang.String,java.lang.String,java.lang.String,java.lang.String,java.lang.String)[pri:0, instance:com.amalw.parallel.tests.RegistrationTest@682b2fa] output={null}]]]>
              </value>
            </param>
          </params>
          <reporter-output>
          </reporter-output>
        </test-method> <!-- tearDown -->
      </class> <!-- com.amalw.parallel.tests.RegistrationTest -->
    </test> <!-- ChromeTests -->
    <test started-at="2026-04-25T20:09:45 EDT" name="FirefoxTests" finished-at="2026-04-25T20:10:12 EDT" duration-ms="27028">
      <class name="com.amalw.parallel.tests.RegistrationTest">
        <test-method is-config="true" signature="setUp(java.lang.String)[pri:0, instance:com.amalw.parallel.tests.RegistrationTest@f79e]" started-at="2026-04-25T20:09:45 EDT" name="setUp" finished-at="2026-04-25T20:10:04 EDT" duration-ms="19630" status="PASS">
          <params>
            <param index="0">
              <value>
                <![CDATA[firefox]]>
              </value>
            </param>
          </params>
          <reporter-output>
          </reporter-output>
        </test-method> <!-- setUp -->
        <test-method is-config="true" signature="setUp(java.lang.String)[pri:0, instance:com.amalw.parallel.tests.RegistrationTest@f79e]" started-at="2026-04-25T20:09:45 EDT" name="setUp" finished-at="2026-04-25T20:10:04 EDT" duration-ms="19281" status="PASS">
          <params>
            <param index="0">
              <value>
                <![CDATA[firefox]]>
              </value>
            </param>
          </params>
          <reporter-output>
          </reporter-output>
        </test-method> <!-- setUp -->
        <test-method is-config="true" signature="setUp(java.lang.String)[pri:0, instance:com.amalw.parallel.tests.RegistrationTest@f79e]" started-at="2026-04-25T20:09:45 EDT" name="setUp" finished-at="2026-04-25T20:10:08 EDT" duration-ms="22753" status="PASS">
          <params>
            <param index="0">
              <value>
                <![CDATA[firefox]]>
              </value>
            </param>
          </params>
          <reporter-output>
          </reporter-output>
        </test-method> <!-- setUp -->
        <test-method signature="testRegistration(java.lang.String,java.lang.String,java.lang.String,java.lang.String,java.lang.String,java.lang.String)[pri:0, instance:com.amalw.parallel.tests.RegistrationTest@f79e]" started-at="2026-04-25T20:10:04 EDT" name="testRegistration" data-provider="registrationData" finished-at="2026-04-25T20:10:07 EDT" duration-ms="2765" status="PASS">
          <params>
            <param index="0">
              <value>
                <![CDATA[Liam]]>
              </value>
            </param>
            <param index="1">
              <value>
                <![CDATA[Brown]]>
              </value>
            </param>
            <param index="2">
              <value>
                <![CDATA[male]]>
              </value>
            </param>
            <param index="3">
              <value>
                <![CDATA[EFG]]>
              </value>
            </param>
            <param index="4">
              <value>
                <![CDATA[Pass123!]]>
              </value>
            </param>
            <param index="5">
              <value>
                <![CDATA[Pass123!]]>
              </value>
            </param>
          </params>
          <reporter-output>
          </reporter-output>
        </test-method> <!-- testRegistration -->
        <test-method signature="testRegistration(java.lang.String,java.lang.String,java.lang.String,java.lang.String,java.lang.String,java.lang.String)[pri:0, instance:com.amalw.parallel.tests.RegistrationTest@f79e]" started-at="2026-04-25T20:10:04 EDT" name="testRegistration" data-provider="registrationData" finished-at="2026-04-25T20:10:09 EDT" duration-ms="4531" status="PASS">
          <params>
            <param index="0">
              <value>
                <![CDATA[Emma]]>
              </value>
            </param>
            <param index="1">
              <value>
                <![CDATA[Stone]]>
              </value>
            </param>
            <param index="2">
              <value>
                <![CDATA[female]]>
              </value>
            </param>
            <param index="3">
              <value>
                <![CDATA[CDE]]>
              </value>
            </param>
            <param index="4">
              <value>
                <![CDATA[Pass123!]]>
              </value>
            </param>
            <param index="5">
              <value>
                <![CDATA[Pass123!]]>
              </value>
            </param>
          </params>
          <reporter-output>
          </reporter-output>
        </test-method> <!-- testRegistration -->
        <test-method is-config="true" signature="tearDown(org.testng.ITestResult)[pri:0, instance:com.amalw.parallel.tests.RegistrationTest@f79e]" started-at="2026-04-25T20:10:07 EDT" name="tearDown" finished-at="2026-04-25T20:10:10 EDT" duration-ms="2742" status="PASS">
          <params>
            <param index="0">
              <value>
                <![CDATA[[TestResult name=testRegistration status=SUCCESS method=RegistrationTest.testRegistration(java.lang.String,java.lang.String,java.lang.String,java.lang.String,java.lang.String,java.lang.String)[pri:0, instance:com.amalw.parallel.tests.RegistrationTest@f79e] output={null}]]]>
              </value>
            </param>
          </params>
          <reporter-output>
          </reporter-output>
        </test-method> <!-- tearDown -->
        <test-method signature="testRegistration(java.lang.String,java.lang.String,java.lang.String,java.lang.String,java.lang.String,java.lang.String)[pri:0, instance:com.amalw.parallel.tests.RegistrationTest@f79e]" started-at="2026-04-25T20:10:08 EDT" name="testRegistration" data-provider="registrationData" finished-at="2026-04-25T20:10:10 EDT" duration-ms="2250" status="PASS">
          <params>
            <param index="0">
              <value>
                <![CDATA[John]]>
              </value>
            </param>
            <param index="1">
              <value>
                <![CDATA[Doe]]>
              </value>
            </param>
            <param index="2">
              <value>
                <![CDATA[male]]>
              </value>
            </param>
            <param index="3">
              <value>
                <![CDATA[ABC]]>
              </value>
            </param>
            <param index="4">
              <value>
                <![CDATA[Pass123!]]>
              </value>
            </param>
            <param index="5">
              <value>
                <![CDATA[Pass123!]]>
              </value>
            </param>
          </params>
          <reporter-output>
          </reporter-output>
        </test-method> <!-- testRegistration -->
        <test-method is-config="true" signature="tearDown(org.testng.ITestResult)[pri:0, instance:com.amalw.parallel.tests.RegistrationTest@f79e]" started-at="2026-04-25T20:10:09 EDT" name="tearDown" finished-at="2026-04-25T20:10:12 EDT" duration-ms="2804" status="PASS">
          <params>
            <param index="0">
              <value>
                <![CDATA[[TestResult name=testRegistration status=SUCCESS method=RegistrationTest.testRegistration(java.lang.String,java.lang.String,java.lang.String,java.lang.String,java.lang.String,java.lang.String)[pri:0, instance:com.amalw.parallel.tests.RegistrationTest@f79e] output={null}]]]>
              </value>
            </param>
          </params>
          <reporter-output>
          </reporter-output>
        </test-method> <!-- tearDown -->
        <test-method is-config="true" signature="tearDown(org.testng.ITestResult)[pri:0, instance:com.amalw.parallel.tests.RegistrationTest@f79e]" started-at="2026-04-25T20:10:10 EDT" name="tearDown" finished-at="2026-04-25T20:10:12 EDT" duration-ms="1964" status="PASS">
          <params>
            <param index="0">
              <value>
                <![CDATA[[TestResult name=testRegistration status=SUCCESS method=RegistrationTest.testRegistration(java.lang.String,java.lang.String,java.lang.String,java.lang.String,java.lang.String,java.lang.String)[pri:0, instance:com.amalw.parallel.tests.RegistrationTest@f79e] output={null}]]]>
              </value>
            </param>
          </params>
          <reporter-output>
          </reporter-output>
        </test-method> <!-- tearDown -->
      </class> <!-- com.amalw.parallel.tests.RegistrationTest -->
    </test> <!-- FirefoxTests -->
    <test started-at="2026-04-25T20:09:45 EDT" name="EdgeTests" finished-at="2026-04-25T20:10:12 EDT" duration-ms="27088">
      <class name="com.amalw.parallel.tests.RegistrationTest">
        <test-method is-config="true" signature="setUp(java.lang.String)[pri:0, instance:com.amalw.parallel.tests.RegistrationTest@1f59a598]" started-at="2026-04-25T20:09:45 EDT" name="setUp" finished-at="2026-04-25T20:09:52 EDT" duration-ms="7589" status="PASS">
          <params>
            <param index="0">
              <value>
                <![CDATA[edge]]>
              </value>
            </param>
          </params>
          <reporter-output>
          </reporter-output>
        </test-method> <!-- setUp -->
        <test-method is-config="true" signature="setUp(java.lang.String)[pri:0, instance:com.amalw.parallel.tests.RegistrationTest@1f59a598]" started-at="2026-04-25T20:09:45 EDT" name="setUp" finished-at="2026-04-25T20:09:52 EDT" duration-ms="6791" status="PASS">
          <params>
            <param index="0">
              <value>
                <![CDATA[edge]]>
              </value>
            </param>
          </params>
          <reporter-output>
          </reporter-output>
        </test-method> <!-- setUp -->
        <test-method is-config="true" signature="setUp(java.lang.String)[pri:0, instance:com.amalw.parallel.tests.RegistrationTest@1f59a598]" started-at="2026-04-25T20:09:45 EDT" name="setUp" finished-at="2026-04-25T20:09:52 EDT" duration-ms="7628" status="PASS">
          <params>
            <param index="0">
              <value>
                <![CDATA[edge]]>
              </value>
            </param>
          </params>
          <reporter-output>
          </reporter-output>
        </test-method> <!-- setUp -->
        <test-method signature="testRegistration(java.lang.String,java.lang.String,java.lang.String,java.lang.String,java.lang.String,java.lang.String)[pri:0, instance:com.amalw.parallel.tests.RegistrationTest@1f59a598]" started-at="2026-04-25T20:09:52 EDT" name="testRegistration" data-provider="registrationData" finished-at="2026-04-25T20:09:56 EDT" duration-ms="4776" status="PASS">
          <params>
            <param index="0">
              <value>
                <![CDATA[Emma]]>
              </value>
            </param>
            <param index="1">
              <value>
                <![CDATA[Stone]]>
              </value>
            </param>
            <param index="2">
              <value>
                <![CDATA[female]]>
              </value>
            </param>
            <param index="3">
              <value>
                <![CDATA[CDE]]>
              </value>
            </param>
            <param index="4">
              <value>
                <![CDATA[Pass123!]]>
              </value>
            </param>
            <param index="5">
              <value>
                <![CDATA[Pass123!]]>
              </value>
            </param>
          </params>
          <reporter-output>
          </reporter-output>
        </test-method> <!-- testRegistration -->
        <test-method signature="testRegistration(java.lang.String,java.lang.String,java.lang.String,java.lang.String,java.lang.String,java.lang.String)[pri:0, instance:com.amalw.parallel.tests.RegistrationTest@1f59a598]" started-at="2026-04-25T20:09:52 EDT" name="testRegistration" data-provider="registrationData" finished-at="2026-04-25T20:10:04 EDT" duration-ms="11068" status="PASS">
          <params>
            <param index="0">
              <value>
                <![CDATA[John]]>
              </value>
            </param>
            <param index="1">
              <value>
                <![CDATA[Doe]]>
              </value>
            </param>
            <param index="2">
              <value>
                <![CDATA[male]]>
              </value>
            </param>
            <param index="3">
              <value>
                <![CDATA[ABC]]>
              </value>
            </param>
            <param index="4">
              <value>
                <![CDATA[Pass123!]]>
              </value>
            </param>
            <param index="5">
              <value>
                <![CDATA[Pass123!]]>
              </value>
            </param>
          </params>
          <reporter-output>
          </reporter-output>
        </test-method> <!-- testRegistration -->
        <test-method signature="testRegistration(java.lang.String,java.lang.String,java.lang.String,java.lang.String,java.lang.String,java.lang.String)[pri:0, instance:com.amalw.parallel.tests.RegistrationTest@1f59a598]" started-at="2026-04-25T20:09:52 EDT" name="testRegistration" data-provider="registrationData" finished-at="2026-04-25T20:10:04 EDT" duration-ms="11411" status="PASS">
          <params>
            <param index="0">
              <value>
                <![CDATA[Liam]]>
              </value>
            </param>
            <param index="1">
              <value>
                <![CDATA[Brown]]>
              </value>
            </param>
            <param index="2">
              <value>
                <![CDATA[male]]>
              </value>
            </param>
            <param index="3">
              <value>
                <![CDATA[EFG]]>
              </value>
            </param>
            <param index="4">
              <value>
                <![CDATA[Pass123!]]>
              </value>
            </param>
            <param index="5">
              <value>
                <![CDATA[Pass123!]]>
              </value>
            </param>
          </params>
          <reporter-output>
          </reporter-output>
        </test-method> <!-- testRegistration -->
        <test-method is-config="true" signature="tearDown(org.testng.ITestResult)[pri:0, instance:com.amalw.parallel.tests.RegistrationTest@1f59a598]" started-at="2026-04-25T20:09:56 EDT" name="tearDown" finished-at="2026-04-25T20:09:58 EDT" duration-ms="1352" status="PASS">
          <params>
            <param index="0">
              <value>
                <![CDATA[[TestResult name=testRegistration status=SUCCESS method=RegistrationTest.testRegistration(java.lang.String,java.lang.String,java.lang.String,java.lang.String,java.lang.String,java.lang.String)[pri:0, instance:com.amalw.parallel.tests.RegistrationTest@1f59a598] output={null}]]]>
              </value>
            </param>
          </params>
          <reporter-output>
          </reporter-output>
        </test-method> <!-- tearDown -->
        <test-method is-config="true" signature="tearDown(org.testng.ITestResult)[pri:0, instance:com.amalw.parallel.tests.RegistrationTest@1f59a598]" started-at="2026-04-25T20:10:04 EDT" name="tearDown" finished-at="2026-04-25T20:10:12 EDT" duration-ms="8365" status="PASS">
          <params>
            <param index="0">
              <value>
                <![CDATA[[TestResult name=testRegistration status=SUCCESS method=RegistrationTest.testRegistration(java.lang.String,java.lang.String,java.lang.String,java.lang.String,java.lang.String,java.lang.String)[pri:0, instance:com.amalw.parallel.tests.RegistrationTest@1f59a598] output={null}]]]>
              </value>
            </param>
          </params>
          <reporter-output>
          </reporter-output>
        </test-method> <!-- tearDown -->
        <test-method is-config="true" signature="tearDown(org.testng.ITestResult)[pri:0, instance:com.amalw.parallel.tests.RegistrationTest@1f59a598]" started-at="2026-04-25T20:10:04 EDT" name="tearDown" finished-at="2026-04-25T20:10:12 EDT" duration-ms="7863" status="PASS">
          <params>
            <param index="0">
              <value>
                <![CDATA[[TestResult name=testRegistration status=SUCCESS method=RegistrationTest.testRegistration(java.lang.String,java.lang.String,java.lang.String,java.lang.String,java.lang.String,java.lang.String)[pri:0, instance:com.amalw.parallel.tests.RegistrationTest@1f59a598] output={null}]]]>
              </value>
            </param>
          </params>
          <reporter-output>
          </reporter-output>
        </test-method> <!-- tearDown -->
      </class> <!-- com.amalw.parallel.tests.RegistrationTest -->
    </test> <!-- EdgeTests -->
  </suite> <!-- ParallelRegistrationSuite -->
</testng-results>
