<?xml version="1.0" encoding="UTF-8"?>
<!-- Generated by org.testng.reporters.JUnitReportReporter -->
<testsuite hostname="Amals_HP_Envy" failures="0" tests="9" name="com.amalw.parallel.tests.RegistrationTest" time="212.458" errors="0" timestamp="2026-04-25T20:10:12 EDT" skipped="0">
  <testcase classname="com.amalw.parallel.tests.RegistrationTest" name="testRegistration" time="26.125"/>
  <testcase classname="com.amalw.parallel.tests.RegistrationTest" name="testRegistration" time="13.717"/>
  <testcase classname="com.amalw.parallel.tests.RegistrationTest" name="testRegistration" time="21.330"/>
  <testcase classname="com.amalw.parallel.tests.RegistrationTest" name="testRegistration" time="26.005"/>
  <testcase classname="com.amalw.parallel.tests.RegistrationTest" name="testRegistration" time="24.788"/>
  <testcase classname="com.amalw.parallel.tests.RegistrationTest" name="testRegistration" time="19.560"/>
  <testcase classname="com.amalw.parallel.tests.RegistrationTest" name="testRegistration" time="27.807"/>
  <testcase classname="com.amalw.parallel.tests.RegistrationTest" name="testRegistration" time="25.722"/>
  <testcase classname="com.amalw.parallel.tests.RegistrationTest" name="testRegistration" time="27.404"/>
</testsuite> <!-- com.amalw.parallel.tests.RegistrationTest -->
